# JRE version: OpenJDK Runtime Environment (11.0.10) (build 11.0.10+0-b96-7249189)
# Java VM: OpenJDK 64-Bit Server VM (11.0.10+0-b96-7249189, mixed mode, tiered, compressed oops, g1 gc, windows-amd64)
Heap:
 garbage-first heap   total 196608K, used 157083K [0x0000000080000000, 0x0000000100000000)
  region size 1024K, 43 young (44032K), 5 survivors (5120K)
 Metaspace       used 106376K, capacity 108983K, committed 109092K, reserved 1144832K
  class space    used 13322K, capacity 14269K, committed 14336K, reserved 1048576K
GC Heap History (20 events):
Event: 50.788 GC heap before
{Heap before GC invocations=27 (full 0):
 garbage-first heap   total 196608K, used 157603K [0x0000000080000000, 0x0000000100000000)
  region size 1024K, 40 young (40960K), 5 survivors (5120K)
 Metaspace       used 93980K, capacity 96208K, committed 96548K, reserved 1134592K
  class space    used 11699K, capacity 12507K, committed 12544K, reserved 1048576K
}
Event: 50.807 GC heap after
{Heap after GC invocations=28 (full 0):
 garbage-first heap   total 196608K, used 126865K [0x0000000080000000, 0x0000000100000000)
  region size 1024K, 5 young (5120K), 5 survivors (5120K)
 Metaspace       used 93980K, capacity 96208K, committed 96548K, reserved 1134592K
  class space    used 11699K, capacity 12507K, committed 12544K, reserved 1048576K
}
Event: 51.908 GC heap before
{Heap before GC invocations=29 (full 0):
 garbage-first heap   total 196608K, used 137105K [0x0000000080000000, 0x0000000100000000)
  region size 1024K, 38 young (38912K), 5 survivors (5120K)
 Metaspace       used 94199K, capacity 96400K, committed 96548K, reserved 1134592K
  class space    used 11714K, capacity 12507K, committed 12544K, reserved 1048576K
}
Event: 51.918 GC heap after
{Heap after GC invocations=30 (full 0):
 garbage-first heap   total 196608K, used 103002K [0x0000000080000000, 0x0000000100000000)
  region size 1024K, 1 young (1024K), 1 survivors (1024K)
 Metaspace       used 94199K, capacity 96400K, committed 96548K, reserved 1134592K
  class space    used 11714K, capacity 12507K, committed 12544K, reserved 1048576K
}
Event: 52.083 GC heap before
{Heap before GC invocations=30 (full 0):
 garbage-first heap   total 196608K, used 110170K [0x0000000080000000, 0x0000000100000000)
  region size 1024K, 9 young (9216K), 1 survivors (1024K)
 Metaspace       used 94213K, capacity 96400K, committed 96548K, reserved 1134592K
  class space    used 11714K, capacity 12507K, committed 12544K, reserved 1048576K
}
Event: 52.090 GC heap after
{Heap after GC invocations=31 (full 0):
 garbage-first heap   total 196608K, used 93822K [0x0000000080000000, 0x0000000100000000)
  region size 1024K, 1 young (1024K), 1 survivors (1024K)
 Metaspace       used 94213K, capacity 96400K, committed 96548K, reserved 1134592K
  class space    used 11714K, capacity 12507K, committed 12544K, reserved 1048576K
}
Event: 53.983 GC heap before
{Heap before GC invocations=31 (full 0):
 garbage-first heap   total 196608K, used 148094K [0x0000000080000000, 0x0000000100000000)
  region size 1024K, 55 young (56320K), 1 survivors (1024K)
 Metaspace       used 95340K, capacity 97534K, committed 97700K, reserved 1134592K
  class space    used 11795K, capacity 12623K, committed 12672K, reserved 1048576K
}
Event: 53.991 GC heap after
{Heap after GC invocations=32 (full 0):
 garbage-first heap   total 196608K, used 95738K [0x0000000080000000, 0x0000000100000000)
  region size 1024K, 3 young (3072K), 3 survivors (3072K)
 Metaspace       used 95340K, capacity 97534K, committed 97700K, reserved 1134592K
  class space    used 11795K, capacity 12623K, committed 12672K, reserved 1048576K
}
Event: 55.347 GC heap before
{Heap before GC invocations=33 (full 0):
 garbage-first heap   total 196608K, used 153082K [0x0000000080000000, 0x0000000100000000)
  region size 1024K, 59 young (60416K), 3 survivors (3072K)
 Metaspace       used 96767K, capacity 99053K, committed 99236K, reserved 1136640K
  class space    used 11987K, capacity 12807K, committed 12928K, reserved 1048576K
}
Event: 55.362 GC heap after
{Heap after GC invocations=34 (full 0):
 garbage-first heap   total 196608K, used 105446K [0x0000000080000000, 0x0000000100000000)
  region size 1024K, 8 young (8192K), 8 survivors (8192K)
 Metaspace       used 96767K, capacity 99053K, committed 99236K, reserved 1136640K
  class space    used 11987K, capacity 12807K, committed 12928K, reserved 1048576K
}
Event: 55.366 GC heap before
{Heap before GC invocations=34 (full 0):
 garbage-first heap   total 196608K, used 106470K [0x0000000080000000, 0x0000000100000000)
  region size 1024K, 9 young (9216K), 8 survivors (8192K)
 Metaspace       used 96770K, capacity 99053K, committed 99236K, reserved 1136640K
  class space    used 11987K, capacity 12807K, committed 12928K, reserved 1048576K
}
Event: 55.378 GC heap after
{Heap after GC invocations=35 (full 0):
 garbage-first heap   total 196608K, used 98235K [0x0000000080000000, 0x0000000100000000)
  region size 1024K, 1 young (1024K), 1 survivors (1024K)
 Metaspace       used 96770K, capacity 99053K, committed 99236K, reserved 1136640K
  class space    used 11987K, capacity 12807K, committed 12928K, reserved 1048576K
}
Event: 56.748 GC heap before
{Heap before GC invocations=35 (full 0):
 garbage-first heap   total 196608K, used 151483K [0x0000000080000000, 0x0000000100000000)
  region size 1024K, 54 young (55296K), 1 survivors (1024K)
 Metaspace       used 100332K, capacity 102624K, committed 102820K, reserved 1138688K
  class space    used 12481K, capacity 13318K, committed 13440K, reserved 1048576K
}
Event: 56.801 GC heap after
{Heap after GC invocations=36 (full 0):
 garbage-first heap   total 196608K, used 107520K [0x0000000080000000, 0x0000000100000000)
  region size 1024K, 7 young (7168K), 7 survivors (7168K)
 Metaspace       used 100332K, capacity 102624K, committed 102820K, reserved 1138688K
  class space    used 12481K, capacity 13318K, committed 13440K, reserved 1048576K
}
Event: 57.929 GC heap before
{Heap before GC invocations=37 (full 0):
 garbage-first heap   total 196608K, used 154624K [0x0000000080000000, 0x0000000100000000)
  region size 1024K, 53 young (54272K), 7 survivors (7168K)
 Metaspace       used 102663K, capacity 105082K, committed 105252K, reserved 1140736K
  class space    used 12862K, capacity 13781K, committed 13824K, reserved 1048576K
}
Event: 57.968 GC heap after
{Heap after GC invocations=38 (full 0):
 garbage-first heap   total 196608K, used 115423K [0x0000000080000000, 0x0000000100000000)
  region size 1024K, 7 young (7168K), 7 survivors (7168K)
 Metaspace       used 102663K, capacity 105082K, committed 105252K, reserved 1140736K
  class space    used 12862K, capacity 13781K, committed 13824K, reserved 1048576K
}
Event: 57.984 GC heap before
{Heap before GC invocations=38 (full 0):
 garbage-first heap   total 196608K, used 117471K [0x0000000080000000, 0x0000000100000000)
  region size 1024K, 9 young (9216K), 7 survivors (7168K)
 Metaspace       used 102750K, capacity 105180K, committed 105252K, reserved 1140736K
  class space    used 12887K, capacity 13814K, committed 13824K, reserved 1048576K
}
Event: 58.006 GC heap after
{Heap after GC invocations=39 (full 0):
 garbage-first heap   total 196608K, used 115712K [0x0000000080000000, 0x0000000100000000)
  region size 1024K, 1 young (1024K), 1 survivors (1024K)
 Metaspace       used 102750K, capacity 105180K, committed 105252K, reserved 1140736K
  class space    used 12887K, capacity 13814K, committed 13824K, reserved 1048576K
}
Event: 59.329 GC heap before
{Heap before GC invocations=39 (full 0):
 garbage-first heap   total 196608K, used 156672K [0x0000000080000000, 0x0000000100000000)
  region size 1024K, 42 young (43008K), 1 survivors (1024K)
 Metaspace       used 105340K, capacity 107861K, committed 107940K, reserved 1142784K
  class space    used 13252K, capacity 14180K, committed 14208K, reserved 1048576K
}
Event: 59.345 GC heap after
{Heap after GC invocations=40 (full 0):
 garbage-first heap   total 196608K, used 119195K [0x0000000080000000, 0x0000000100000000)
  region size 1024K, 5 young (5120K), 5 survivors (5120K)
 Metaspace       used 105340K, capacity 107861K, committed 107940K, reserved 1142784K
  class space    used 13252K, capacity 14180K, committed 14208K, reserved 1048576K
}

